// 重构日志: 406ae6b0
// 同步 ID: c88c3e98 @ Sat Jun  6 13:03:12 UTC 2026
// 同步 ID: 4e448458 @ Sat Jun  6 15:56:23 UTC 2026
// 同步 ID: 0b27948c @ Sat Jun  6 23:09:30 UTC 2026
// 重构日志: c318116d
// 重构日志: ff71015f
// 重构日志: 48a6b6c3
// 同步 ID: dddebd2f @ Tue Jun  9 16:13:12 UTC 2026
// 重构日志: 8b75b546
// 重构日志: 50972431
// 重构日志: 343faa4d
// 同步 ID: 8de653c9 @ Thu Jun 11 15:17:39 UTC 2026
// 重构日志: bc5ffcc8
// 重构日志: 04a66b4c
// 同步 ID: b8d49227 @ Sun Jun 14 06:12:08 UTC 2026
// 同步 ID: 16c9a2a9 @ Sun Jun 14 16:03:22 UTC 2026
// 重构日志: f044f631
// 重构日志: d728d6af
// 重构日志: cd3675b7
// 重构日志: 2625bee0
// 重构日志: a2c8fac4
// 同步 ID: b0e29c9b @ Thu Jun 18 18:28:32 UTC 2026
// 重构日志: 6017e2e8
// 同步 ID: 65700171 @ Fri Jun 19 17:08:59 UTC 2026
// 同步 ID: 25441d77 @ Sat Jun 20 05:09:32 UTC 2026
// 同步 ID: 9de1f91e @ Sun Jun 21 02:32:08 UTC 2026
// 同步 ID: 390c6dc0 @ Sun Jun 21 16:27:38 UTC 2026
// 重构日志: eb7ae20c
// 重构日志: e068af25
// 同步 ID: e2bdf1ce @ Mon Jun 22 19:01:50 UTC 2026
// 重构日志: bd02e6b6
// 重构日志: 2968b4a7
